Load "..\\OBJ\\LED.axf" 
* JLink Info: Device "CORTEX-M4" selected (0 KB flash, 0 KB RAM).
Set JLink Project File to "d:\微机原理与嵌入式系统\源码\实验4 外部中断\USER\JLinkSettings.ini"* JLink Info: Device "CORTEX-M4" selected (0 KB flash, 0 KB RAM).
 
JLink info:
------------
DLL: V4.90 , compiled Jul 28 2014 10:35:20
Firmware: J-Link ARM V8 compiled Nov 28 2014 13:44:46
Hardware: V8.00
Feature(s) : RDI,FlashDL,FlashBP,JFlash,GDBFull 
 
* JLink Info: TotalIRLen = 9, IRPrint = 0x0011
* JLink Info: Found Cortex-M4 r0p1, Little endian.
* JLink Info: FPUnit: 6 code (BP) slots and 2 literal slots
* JLink Info: TPIU fitted.
* JLink Info: ETM fitted.
ROMTableAddr = 0xE00FF003
 
Target info:
------------
Device: STM32F407ZG
VTarget = 3.300V
State of Pins: TCK: 1, TDI: 1, TDO: 0, TMS: 1, TRES: 1, TRST: 1
Hardware-Breakpoints: 6
Software-Breakpoints: 8192
Watchpoints:          4
JTAG speed: 9600 kHz
 
Erase Done.Programming Done.Verify OK.Application running ...
Flash Load finished at 09:29:40
